Copyright 1986-2022 Xilinx, Inc. All Rights Reserved. Copyright 2022-2026 Advanced Micro Devices, Inc. All Rights Reserved.
---------------------------------------------------------------------------------------------------------------------------------------------
| Tool Version : Vivado v.2025.2.1 (win64) Build 6403652 Thu Mar 19 19:48:24 GMT 2026
| Date         : Wed May 20 17:25:53 2026
| Host         : LAPTOP-EQCLE5J0 running 64-bit major release  (build 9200)
| Command      : report_utilization -file zybo_lab2_wrapper_utilization_placed.rpt -pb zybo_lab2_wrapper_utilization_placed.pb
| Design       : zybo_lab2_wrapper
| Device       : xc7z010clg400-1
| Speed File   : -1
| Design State : Fully Placed
---------------------------------------------------------------------------------------------------------------------------------------------

Utilization Design Information

Table of Contents
-----------------
1. Slice Logic
1.1 Summary of Registers by Type
2. Slice Logic Distribution
3. Memory
4. DSP
5. IO and GT Specific
6. Clocking
7. Specific Feature
8. Primitives
9. Black Boxes
10. Instantiated Netlists

1. Slice Logic
--------------

+----------------------------+------+-------+------------+-----------+-------+
|          Site Type         | Used | Fixed | Prohibited | Available | Util% |
+----------------------------+------+-------+------------+-----------+-------+
| Slice LUTs                 |  731 |     0 |          0 |     17600 |  4.15 |
|   LUT as Logic             |  729 |     0 |          0 |     17600 |  4.14 |
|   LUT as Memory            |    2 |     0 |          0 |      6000 |  0.03 |
|     LUT as Distributed RAM |    0 |     0 |            |           |       |
|     LUT as Shift Register  |    2 |     0 |            |           |       |
| Slice Registers            |  857 |     0 |          0 |     35200 |  2.43 |
|   Register as Flip Flop    |  857 |     0 |          0 |     35200 |  2.43 |
|   Register as Latch        |    0 |     0 |          0 |     35200 |  0.00 |
| F7 Muxes                   |    0 |     0 |          0 |      8800 |  0.00 |
| F8 Muxes                   |    0 |     0 |          0 |      4400 |  0.00 |
| Unique Control Sets        |   91 |       |          0 |      4400 |  2.07 |
+----------------------------+------+-------+------------+-----------+-------+
* Warning! LUT value is adjusted to account for LUT combining.
** Note: Available Control Sets calculated as Slice * 1, Review the Control Sets Report for more information regarding control sets.


1.1 Summary of Registers by Type
--------------------------------

+-------+--------------+-------------+--------------+
| Total | Clock Enable | Synchronous | Asynchronous |
+-------+--------------+-------------+--------------+
| 0     |            _ |           - |            - |
| 0     |            _ |           - |          Set |
| 0     |            _ |           - |        Reset |
| 0     |            _ |         Set |            - |
| 0     |            _ |       Reset |            - |
| 0     |          Yes |           - |            - |
| 0     |          Yes |           - |          Set |
| 75    |          Yes |           - |        Reset |
| 42    |          Yes |         Set |            - |
| 740   |          Yes |       Reset |            - |
+-------+--------------+-------------+--------------+


2. Slice Logic Distribution
---------------------------

+--------------------------------------------+------+-------+------------+-----------+-------+
|                  Site Type                 | Used | Fixed | Prohibited | Available | Util% |
+--------------------------------------------+------+-------+------------+-----------+-------+
| Slice                                      |  294 |     0 |          0 |      4400 |  6.68 |
|   SLICEL                                   |  187 |     0 |            |           |       |
|   SLICEM                                   |  107 |     0 |            |           |       |
| LUT as Logic                               |  729 |     0 |          0 |     17600 |  4.14 |
|   using O5 output only                     |    0 |       |            |           |       |
|   using O6 output only                     |  493 |       |            |           |       |
|   using O5 and O6                          |  236 |       |            |           |       |
| LUT as Memory                              |    2 |     0 |          0 |      6000 |  0.03 |
|   LUT as Distributed RAM                   |    0 |     0 |            |           |       |
|     using O5 output only                   |    0 |       |            |           |       |
|     using O6 output only                   |    0 |       |            |           |       |
|     using O5 and O6                        |    0 |       |            |           |       |
|   LUT as Shift Register                    |    2 |     0 |            |           |       |
|     using O5 output only                   |    0 |       |            |           |       |
|     using O6 output only                   |    2 |       |            |           |       |
|     using O5 and O6                        |    0 |       |            |           |       |
| Slice Registers                            |  857 |     0 |          0 |     35200 |  2.43 |
|   Register driven from within the Slice    |  514 |       |            |           |       |
|   Register driven from outside the Slice   |  343 |       |            |           |       |
|     LUT in front of the register is unused |  203 |       |            |           |       |
|     LUT in front of the register is used   |  140 |       |            |           |       |
+--------------------------------------------+------+-------+------------+-----------+-------+


3. Memory
---------

+----------------+------+-------+------------+-----------+-------+
|    Site Type   | Used | Fixed | Prohibited | Available | Util% |
+----------------+------+-------+------------+-----------+-------+
| Block RAM Tile |    0 |     0 |          0 |        60 |  0.00 |
|   RAMB36/FIFO* |    0 |     0 |          0 |        60 |  0.00 |
|   RAMB18       |    0 |     0 |          0 |       120 |  0.00 |
+----------------+------+-------+------------+-----------+-------+
* Note: Each Block RAM Tile only has one FIFO logic available and therefore can accommodate only one FIFO36E1 or one FIFO18E1. However, if a FIFO18E1 occupies a Block RAM Tile, that tile can still accommodate a RAMB18E1


4. DSP
------

+-----------+------+-------+------------+-----------+-------+
| Site Type | Used | Fixed | Prohibited | Available | Util% |
+-----------+------+-------+------------+-----------+-------+
| DSPs      |    0 |     0 |          0 |        80 |  0.00 |
+-----------+------+-------+------------+-----------+-------+


5. IO and GT Specific
---------------------

+-----------------------------+------+-------+------------+-----------+--------+
|          Site Type          | Used | Fixed | Prohibited | Available |  Util% |
+-----------------------------+------+-------+------------+-----------+--------+
| Bonded IOB                  |    8 |     8 |          0 |       100 |   8.00 |
|   IOB Master Pads           |    3 |       |            |           |        |
|   IOB Slave Pads            |    4 |       |            |           |        |
| Bonded IPADs                |    0 |     0 |          0 |         2 |   0.00 |
| Bonded IOPADs               |  130 |   130 |          0 |       130 | 100.00 |
| PHY_CONTROL                 |    0 |     0 |          0 |         2 |   0.00 |
| PHASER_REF                  |    0 |     0 |          0 |         2 |   0.00 |
| OUT_FIFO                    |    0 |     0 |          0 |         8 |   0.00 |
| IN_FIFO                     |    0 |     0 |          0 |         8 |   0.00 |
| IDELAYCTRL                  |    0 |     0 |          0 |         2 |   0.00 |
| IBUFDS                      |    0 |     0 |          0 |        96 |   0.00 |
| PHASER_OUT/PHASER_OUT_PHY   |    0 |     0 |          0 |         8 |   0.00 |
| PHASER_IN/PHASER_IN_PHY     |    0 |     0 |          0 |         8 |   0.00 |
| IDELAYE2/IDELAYE2_FINEDELAY |    0 |     0 |          0 |       100 |   0.00 |
| ILOGIC                      |    0 |     0 |          0 |       100 |   0.00 |
| OLOGIC                      |    0 |     0 |          0 |       100 |   0.00 |
+-----------------------------+------+-------+------------+-----------+--------+


6. Clocking
-----------

+------------+------+-------+------------+-----------+-------+
|  Site Type | Used | Fixed | Prohibited | Available | Util% |
+------------+------+-------+------------+-----------+-------+
| BUFGCTRL   |    1 |     0 |          0 |        32 |  3.13 |
| BUFIO      |    0 |     0 |          0 |         8 |  0.00 |
| MMCME2_ADV |    0 |     0 |          0 |         2 |  0.00 |
| PLLE2_ADV  |    0 |     0 |          0 |         2 |  0.00 |
| BUFMRCE    |    0 |     0 |          0 |         4 |  0.00 |
| BUFHCE     |    0 |     0 |          0 |        48 |  0.00 |
| BUFR       |    0 |     0 |          0 |         8 |  0.00 |
+------------+------+-------+------------+-----------+-------+


7. Specific Feature
-------------------

+-------------+------+-------+------------+-----------+-------+
|  Site Type  | Used | Fixed | Prohibited | Available | Util% |
+-------------+------+-------+------------+-----------+-------+
| BSCANE2     |    0 |     0 |          0 |         4 |  0.00 |
| CAPTUREE2   |    0 |     0 |          0 |         1 |  0.00 |
| DNA_PORT    |    0 |     0 |          0 |         1 |  0.00 |
| EFUSE_USR   |    0 |     0 |          0 |         1 |  0.00 |
| FRAME_ECCE2 |    0 |     0 |          0 |         1 |  0.00 |
| ICAPE2      |    0 |     0 |          0 |         2 |  0.00 |
| STARTUPE2   |    0 |     0 |          0 |         1 |  0.00 |
| XADC        |    0 |     0 |          0 |         1 |  0.00 |
+-------------+------+-------+------------+-----------+-------+


8. Primitives
-------------

+----------+------+----------------------+
| Ref Name | Used |  Functional Category |
+----------+------+----------------------+
| FDRE     |  740 |         Flop & Latch |
| LUT3     |  221 |                  LUT |
| LUT6     |  174 |                  LUT |
| LUT5     |  172 |                  LUT |
| LUT2     |  159 |                  LUT |
| LUT4     |  131 |                  LUT |
| BIBUF    |  130 |                   IO |
| LUT1     |  108 |                  LUT |
| FDCE     |   75 |         Flop & Latch |
| FDSE     |   42 |         Flop & Latch |
| CARRY4   |   11 |           CarryLogic |
| OBUF     |    4 |                   IO |
| IBUF     |    4 |                   IO |
| SRL16E   |    2 |   Distributed Memory |
| PS7      |    1 | Specialized Resource |
| BUFG     |    1 |                Clock |
+----------+------+----------------------+


9. Black Boxes
--------------

+----------+------+
| Ref Name | Used |
+----------+------+


10. Instantiated Netlists
-------------------------

+----------------------------------+------+
|             Ref Name             | Used |
+----------------------------------+------+
| zybo_lab2_rst_ps7_0_50M_0        |    1 |
| zybo_lab2_processing_system7_0_0 |    1 |
| zybo_lab2_axi_smc_0              |    1 |
| zybo_lab2_axi_gpio_1_0           |    1 |
| zybo_lab2_axi_gpio_0_0           |    1 |
+----------------------------------+------+


